[1] "Gradient descent method results"
[1] "(i) Precision number: 9.67755e-06"
[1] "(ii) Total number of rides: 30.074678"
[1] "(iii) Average price of ride: 0.253954"
[1] "(iv) Number of iteration: 243"
[1] "(v) Time length: 1.607079"
[1] "-----------------------------------------"
[1] "Newton descent method results"
[1] "(i) Precision number: 9.1139e-06"
[1] "(ii) Total number of rides: 30.073884"
[1] "(iii) Average price of ride: 0.253959"
[1] "(iv) Number of iteration: 50"
[1] "(v) Time length: 10.309093"
[1] "-----------------------------------------"
[1] "Jacobi method results"
[1] "(i) Precision number: 7.33243e-06"
[1] "(ii) Total number of rides: 30.074683"
[1] "(iii) Average price of ride: 0.253954"
[1] "(iv) Number of iteration: 25"
[1] "(v) Time length: 0.494715"
[1] "-----------------------------------------"
[1] "Gauss Seidel results"
[1] "(i) Precision number: 7.76872e-06"
[1] "(ii) Total number of rides: 30.074511"
[1] "(iii) Average price of ride: 0.253955"
[1] "(iv) Number of iteration: 11"
[1] "(v) Time length: 5.365924"
[1] "-----------------------------------------"
